  Main.cpp
C:\Users\104bu\OneDrive - University of Brighton\sjeb10_modules\Year 2\CI517 - Game Engine\Engine\xcube\src\engine\GameMath.h(42,15): warning C4244: '+=': conversion from 'const float' to 'int', possible loss of data
C:\Users\104bu\OneDrive - University of Brighton\sjeb10_modules\Year 2\CI517 - Game Engine\Engine\xcube\src\engine\GameMath.h(43,15): warning C4244: '+=': conversion from 'const float' to 'int', possible loss of data
C:\Users\104bu\OneDrive - University of Brighton\sjeb10_modules\Year 2\CI517 - Game Engine\Engine\xcube\src\engine\GameMath.h(48,15): warning C4244: '-=': conversion from 'const float' to 'int', possible loss of data
C:\Users\104bu\OneDrive - University of Brighton\sjeb10_modules\Year 2\CI517 - Game Engine\Engine\xcube\src\engine\GameMath.h(49,15): warning C4244: '-=': conversion from 'const float' to 'int', possible loss of data
C:\Users\104bu\OneDrive - University of Brighton\sjeb10_modules\Year 2\CI517 - Game Engine\Engine\xcube\src\engine\GameMath.h(96,27): warning C4838: conversion from 'const float' to 'int' requires a narrowing conversion
C:\Users\104bu\OneDrive - University of Brighton\sjeb10_modules\Year 2\CI517 - Game Engine\Engine\xcube\src\engine\GameMath.h(96,27): warning C4244: 'initializing': conversion from 'const float' to 'int', possible loss of data
C:\Users\104bu\OneDrive - University of Brighton\sjeb10_modules\Year 2\CI517 - Game Engine\Engine\xcube\src\engine\GameMath.h(96,30): warning C4838: conversion from 'const float' to 'int' requires a narrowing conversion
C:\Users\104bu\OneDrive - University of Brighton\sjeb10_modules\Year 2\CI517 - Game Engine\Engine\xcube\src\engine\GameMath.h(96,30): warning C4244: 'initializing': conversion from 'const float' to 'int', possible loss of data
C:\Users\104bu\OneDrive - University of Brighton\sjeb10_modules\Year 2\CI517 - Game Engine\Engine\xcube\src\engine\GameMath.h(96,33): warning C4838: conversion from 'const float' to 'int' requires a narrowing conversion
C:\Users\104bu\OneDrive - University of Brighton\sjeb10_modules\Year 2\CI517 - Game Engine\Engine\xcube\src\engine\GameMath.h(96,33): warning C4244: 'initializing': conversion from 'const float' to 'int', possible loss of data
C:\Users\104bu\OneDrive - University of Brighton\sjeb10_modules\Year 2\CI517 - Game Engine\Engine\xcube\src\engine\GameMath.h(96,36): warning C4838: conversion from 'const float' to 'int' requires a narrowing conversion
C:\Users\104bu\OneDrive - University of Brighton\sjeb10_modules\Year 2\CI517 - Game Engine\Engine\xcube\src\engine\GameMath.h(96,36): warning C4244: 'initializing': conversion from 'const float' to 'int', possible loss of data
C:\Users\104bu\OneDrive - University of Brighton\sjeb10_modules\Year 2\CI517 - Game Engine\Engine\xcube\src\engine\GameMath.h(114,27): warning C4838: conversion from 'float' to 'int' requires a narrowing conversion
C:\Users\104bu\OneDrive - University of Brighton\sjeb10_modules\Year 2\CI517 - Game Engine\Engine\xcube\src\engine\GameMath.h(114,27): warning C4244: 'initializing': conversion from 'float' to 'int', possible loss of data
C:\Users\104bu\OneDrive - University of Brighton\sjeb10_modules\Year 2\CI517 - Game Engine\Engine\xcube\src\engine\GameMath.h(114,30): warning C4838: conversion from 'float' to 'int' requires a narrowing conversion
C:\Users\104bu\OneDrive - University of Brighton\sjeb10_modules\Year 2\CI517 - Game Engine\Engine\xcube\src\engine\GameMath.h(114,30): warning C4244: 'initializing': conversion from 'float' to 'int', possible loss of data
C:\Users\104bu\OneDrive - University of Brighton\sjeb10_modules\Year 2\CI517 - Game Engine\Engine\xcube\src\engine\GameMath.h(114,33): warning C4838: conversion from 'float' to 'int' requires a narrowing conversion
C:\Users\104bu\OneDrive - University of Brighton\sjeb10_modules\Year 2\CI517 - Game Engine\Engine\xcube\src\engine\GameMath.h(114,33): warning C4244: 'initializing': conversion from 'float' to 'int', possible loss of data
C:\Users\104bu\OneDrive - University of Brighton\sjeb10_modules\Year 2\CI517 - Game Engine\Engine\xcube\src\engine\GameMath.h(114,36): warning C4838: conversion from 'float' to 'int' requires a narrowing conversion
C:\Users\104bu\OneDrive - University of Brighton\sjeb10_modules\Year 2\CI517 - Game Engine\Engine\xcube\src\engine\GameMath.h(114,36): warning C4244: 'initializing': conversion from 'float' to 'int', possible loss of data
  MyGame.cpp
C:\Users\104bu\OneDrive - University of Brighton\sjeb10_modules\Year 2\CI517 - Game Engine\Engine\xcube\src\engine\GameMath.h(42,15): warning C4244: '+=': conversion from 'const float' to 'int', possible loss of data
C:\Users\104bu\OneDrive - University of Brighton\sjeb10_modules\Year 2\CI517 - Game Engine\Engine\xcube\src\engine\GameMath.h(43,15): warning C4244: '+=': conversion from 'const float' to 'int', possible loss of data
C:\Users\104bu\OneDrive - University of Brighton\sjeb10_modules\Year 2\CI517 - Game Engine\Engine\xcube\src\engine\GameMath.h(48,15): warning C4244: '-=': conversion from 'const float' to 'int', possible loss of data
C:\Users\104bu\OneDrive - University of Brighton\sjeb10_modules\Year 2\CI517 - Game Engine\Engine\xcube\src\engine\GameMath.h(49,15): warning C4244: '-=': conversion from 'const float' to 'int', possible loss of data
C:\Users\104bu\OneDrive - University of Brighton\sjeb10_modules\Year 2\CI517 - Game Engine\Engine\xcube\src\engine\GameMath.h(96,27): warning C4838: conversion from 'const float' to 'int' requires a narrowing conversion
C:\Users\104bu\OneDrive - University of Brighton\sjeb10_modules\Year 2\CI517 - Game Engine\Engine\xcube\src\engine\GameMath.h(96,27): warning C4244: 'initializing': conversion from 'const float' to 'int', possible loss of data
C:\Users\104bu\OneDrive - University of Brighton\sjeb10_modules\Year 2\CI517 - Game Engine\Engine\xcube\src\engine\GameMath.h(96,30): warning C4838: conversion from 'const float' to 'int' requires a narrowing conversion
C:\Users\104bu\OneDrive - University of Brighton\sjeb10_modules\Year 2\CI517 - Game Engine\Engine\xcube\src\engine\GameMath.h(96,30): warning C4244: 'initializing': conversion from 'const float' to 'int', possible loss of data
C:\Users\104bu\OneDrive - University of Brighton\sjeb10_modules\Year 2\CI517 - Game Engine\Engine\xcube\src\engine\GameMath.h(96,33): warning C4838: conversion from 'const float' to 'int' requires a narrowing conversion
C:\Users\104bu\OneDrive - University of Brighton\sjeb10_modules\Year 2\CI517 - Game Engine\Engine\xcube\src\engine\GameMath.h(96,33): warning C4244: 'initializing': conversion from 'const float' to 'int', possible loss of data
C:\Users\104bu\OneDrive - University of Brighton\sjeb10_modules\Year 2\CI517 - Game Engine\Engine\xcube\src\engine\GameMath.h(96,36): warning C4838: conversion from 'const float' to 'int' requires a narrowing conversion
C:\Users\104bu\OneDrive - University of Brighton\sjeb10_modules\Year 2\CI517 - Game Engine\Engine\xcube\src\engine\GameMath.h(96,36): warning C4244: 'initializing': conversion from 'const float' to 'int', possible loss of data
C:\Users\104bu\OneDrive - University of Brighton\sjeb10_modules\Year 2\CI517 - Game Engine\Engine\xcube\src\engine\GameMath.h(114,27): warning C4838: conversion from 'float' to 'int' requires a narrowing conversion
C:\Users\104bu\OneDrive - University of Brighton\sjeb10_modules\Year 2\CI517 - Game Engine\Engine\xcube\src\engine\GameMath.h(114,27): warning C4244: 'initializing': conversion from 'float' to 'int', possible loss of data
C:\Users\104bu\OneDrive - University of Brighton\sjeb10_modules\Year 2\CI517 - Game Engine\Engine\xcube\src\engine\GameMath.h(114,30): warning C4838: conversion from 'float' to 'int' requires a narrowing conversion
C:\Users\104bu\OneDrive - University of Brighton\sjeb10_modules\Year 2\CI517 - Game Engine\Engine\xcube\src\engine\GameMath.h(114,30): warning C4244: 'initializing': conversion from 'float' to 'int', possible loss of data
C:\Users\104bu\OneDrive - University of Brighton\sjeb10_modules\Year 2\CI517 - Game Engine\Engine\xcube\src\engine\GameMath.h(114,33): warning C4838: conversion from 'float' to 'int' requires a narrowing conversion
C:\Users\104bu\OneDrive - University of Brighton\sjeb10_modules\Year 2\CI517 - Game Engine\Engine\xcube\src\engine\GameMath.h(114,33): warning C4244: 'initializing': conversion from 'float' to 'int', possible loss of data
C:\Users\104bu\OneDrive - University of Brighton\sjeb10_modules\Year 2\CI517 - Game Engine\Engine\xcube\src\engine\GameMath.h(114,36): warning C4838: conversion from 'float' to 'int' requires a narrowing conversion
C:\Users\104bu\OneDrive - University of Brighton\sjeb10_modules\Year 2\CI517 - Game Engine\Engine\xcube\src\engine\GameMath.h(114,36): warning C4244: 'initializing': conversion from 'float' to 'int', possible loss of data
C:\Users\104bu\OneDrive - University of Brighton\sjeb10_modules\Year 2\CI517 - Game Engine\Engine\xcube\src\demo\MyGame.cpp(211,58): warning C4267: 'argument': conversion from 'size_t' to 'const int', possible loss of data
  Generating Code...
  MyGame.vcxproj -> C:\Users\104bu\OneDrive - University of Brighton\sjeb10_modules\Year 2\CI517 - Game Engine\Engine\xcube\build\Debug\MyGame.exe
